#
# There is insufficient memory for the Java Runtime Environment to continue.
# Native memory allocation (malloc) failed to allocate 1835696 bytes for Chunk::new
# Possible reasons:
#   The system is out of physical RAM or swap space
#   The process is running with CompressedOops enabled, and the Java Heap may be blocking the growth of the native heap
# Possible solutions:
#   Reduce memory load on the system
#   Increase physical memory or swap space
#   Check if swap backing store is full
#   Decrease Java heap size (-Xmx/-Xms)
#   Decrease number of Java threads
#   Decrease Java thread stack sizes (-Xss)
#   Set larger code cache with -XX:ReservedCodeCacheSize=
#   JVM is running with Unscaled Compressed Oops mode in which the Java heap is
#     placed in the first 4GB address space. The Java Heap base address is the
#     maximum limit for the native heap growth. Please use -XX:HeapBaseMinAddress
#     to set the Java Heap base and to place the Java Heap above 4GB virtual address.
# This output file may be truncated or incomplete.
#
#  Out of Memory Error (./src/hotspot/share/memory/arena.cpp:197), pid=23316, tid=14136
#
# JRE version: OpenJDK Runtime Environment 18.9 (11.0.13+8) (build 11.0.13+8)
# Java VM: OpenJDK 64-Bit Server VM 18.9 (11.0.13+8, mixed mode, tiered, compressed oops, g1 gc, windows-amd64)
# No core dump will be written. Minidumps are not enabled by default on client versions of Windows
#

---------------  S U M M A R Y ------------

Command Line: -Dcom.android.sdklib.toolsdir=C:\Users\user\AppData\Local\Android\Sdk\tools\bin\\.. com.android.sdklib.tool.sdkmanager.SdkManagerCli --sdk_root=C:\Users\user\AppData\Local\Android\Sdk system-images;android-28;google_apis;x86_64

Host: AMD Ryzen 7 3700U with Radeon Vega Mobile Gfx  , 8 cores, 5G,  Windows 10 , 64 bit Build 22000 (10.0.22000.708)
Time: Thu Jun 23 09:51:28 2022 W. Europe Daylight Time elapsed time: 4.714972 seconds (0d 0h 0m 4s)

---------------  T H R E A D  ---------------

Current thread (0x000001fdd7dd6800):  JavaThread "C2 CompilerThread1" daemon [_thread_in_native, id=14136, stack(0x000000ad98d00000,0x000000ad98e00000)]


Current CompileTask:
C2:   4715 2315   !   4       com.sun.org.apache.xerces.internal.parsers.AbstractSAXParser::startElement (318 bytes)

Stack: [0x000000ad98d00000,0x000000ad98e00000]
Native frames: (J=compiled Java code, j=interpreted, Vv=VM code, C=native code)
V  [jvm.dll+0x64b92a]
V  [jvm.dll+0x78e4e9]
V  [jvm.dll+0x78fbcc]
V  [jvm.dll+0x790293]
V  [jvm.dll+0x265118]
V  [jvm.dll+0xc9e01]
V  [jvm.dll+0xca3bc]
V  [jvm.dll+0x37a9d7]
V  [jvm.dll+0x346573]
V  [jvm.dll+0x34589a]
V  [jvm.dll+0x21da75]
V  [jvm.dll+0x21cc4a]
V  [jvm.dll+0x19d971]
V  [jvm.dll+0x22c754]
V  [jvm.dll+0x22a9e1]
V  [jvm.dll+0x74ff8c]
V  [jvm.dll+0x748b7d]
V  [jvm.dll+0x64a5f6]
C  [ucrtbase.dll+0x26c0c]
C  [KERNEL32.DLL+0x154e0]
C  [ntdll.dll+0x485b]


---------------  P R O C E S S  ---------------

Threads class SMR info:
_java_thread_list=0x000001fdd7dbc180, length=11, elements={
0x000001fdd6d54800, 0x000001fdd6d5e000, 0x000001fdd6d6f800, 0x000001fdd6d70000,
0x000001fdd6d71000, 0x000001fdd6d79800, 0x000001fdd6d7b000, 0x000001fdd6d96000,
0x000001fdd786e800, 0x000001fdd7dd6800, 0x000001fdd81eb000
}

Java Threads: ( => current thread )
  0x000001fdd6d54800 JavaThread "Reference Handler" daemon [_thread_blocked, id=4688, stack(0x000000ad98300000,0x000000ad98400000)]
  0x000001fdd6d5e000 JavaThread "Finalizer" daemon [_thread_blocked, id=25072, stack(0x000000ad98400000,0x000000ad98500000)]
  0x000001fdd6d6f800 JavaThread "Signal Dispatcher" daemon [_thread_blocked, id=16684, stack(0x000000ad98500000,0x000000ad98600000)]
  0x000001fdd6d70000 JavaThread "Attach Listener" daemon [_thread_blocked, id=11556, stack(0x000000ad98600000,0x000000ad98700000)]
  0x000001fdd6d71000 JavaThread "Service Thread" daemon [_thread_blocked, id=11108, stack(0x000000ad98700000,0x000000ad98800000)]
  0x000001fdd6d79800 JavaThread "C2 CompilerThread0" daemon [_thread_in_native, id=17756, stack(0x000000ad98800000,0x000000ad98900000)]
  0x000001fdd6d7b000 JavaThread "C1 CompilerThread0" daemon [_thread_blocked, id=22832, stack(0x000000ad98900000,0x000000ad98a00000)]
  0x000001fdd6d96000 JavaThread "Sweeper thread" daemon [_thread_blocked, id=7480, stack(0x000000ad98a00000,0x000000ad98b00000)]
  0x000001fdd786e800 JavaThread "Common-Cleaner" daemon [_thread_blocked, id=25572, stack(0x000000ad98c00000,0x000000ad98d00000)]
=>0x000001fdd7dd6800 JavaThread "C2 CompilerThread1" daemon [_thread_in_native, id=14136, stack(0x000000ad98d00000,0x000000ad98e00000)]
  0x000001fdd81eb000 JavaThread "DestroyJavaVM" [_thread_blocked, id=20780, stack(0x000000ad97c00000,0x000000ad97d00000)]

Other Threads:
  0x000001fdd6d2e000 VMThread "VM Thread" [stack: 0x000000ad98200000,0x000000ad98300000] [id=11748]
  0x000001fdd7865800 WatcherThread [stack: 0x000000ad98b00000,0x000000ad98c00000] [id=24288]
  0x000001fdb90be000 GCTaskThread "GC Thread#0" [stack: 0x000000ad97d00000,0x000000ad97e00000] [id=26004]
  0x000001fdd80a1000 GCTaskThread "GC Thread#1" [stack: 0x000000ad98e00000,0x000000ad98f00000] [id=21696]
  0x000001fdb90e5800 ConcurrentGCThread "G1 Main Marker" [stack: 0x000000ad97e00000,0x000000ad97f00000] [id=1880]
  0x000001fdb90e7800 ConcurrentGCThread "G1 Conc#0" [stack: 0x000000ad97f00000,0x000000ad98000000] [id=21084]
  0x000001fdb916d000 ConcurrentGCThread "G1 Refine#0" [stack: 0x000000ad98000000,0x000000ad98100000] [id=18036]
  0x000001fdb916e000 ConcurrentGCThread "G1 Young RemSet Sampling" [stack: 0x000000ad98100000,0x000000ad98200000] [id=1884]

Threads with active compile tasks:
C2 CompilerThread0   4818 2338       4       com.sun.org.apache.xerces.internal.impl.XMLNSDocumentScannerImpl::scanStartElement (1026 bytes)
C2 CompilerThread1   4818 2315   !   4       com.sun.org.apache.xerces.internal.parsers.AbstractSAXParser::startElement (318 bytes)

VM state:not at safepoint (normal execution)

VM Mutex/Monitor currently owned by a thread: None

Heap address: 0x00000000a1e00000, size: 1506 MB, Compressed Oops mode: 32-bit
Narrow klass base: 0x0000000000000000, Narrow klass shift: 3
Compressed class space size: 1073741824 Address: 0x0000000100000000

Heap:
 garbage-first heap   total 98304K, used 48590K [0x00000000a1e00000, 0x0000000100000000)
  region size 1024K, 49 young (50176K), 7 survivors (7168K)
 Metaspace       used 16864K, capacity 17225K, committed 17536K, reserved 1064960K
  class space    used 1692K, capacity 1796K, committed 1920K, reserved 1048576K
Heap Regions: E=young(eden), S=young(survivor), O=old, HS=humongous(starts), HC=humongous(continues), CS=collection set, F=free, A=archive, TAMS=top-at-mark-start (previous, next)
|   0|0x00000000a1e00000, 0x00000000a1e0b200, 0x00000000a1f00000|  4%| O|  |TAMS 0x00000000a1e00000, 0x00000000a1e00000| Untracked 
|   1|0x00000000a1f00000, 0x00000000a1f00000, 0x00000000a2000000|  0%| F|  |TAMS 0x00000000a1f00000, 0x00000000a1f00000| Untracked 
|   2|0x00000000a2000000, 0x00000000a2000000, 0x00000000a2100000|  0%| F|  |TAMS 0x00000000a2000000, 0x00000000a2000000| Untracked 
|   3|0x00000000a2100000, 0x00000000a2100000, 0x00000000a2200000|  0%| F|  |TAMS 0x00000000a2100000, 0x00000000a2100000| Untracked 
|   4|0x00000000a2200000, 0x00000000a2200000, 0x00000000a2300000|  0%| F|  |TAMS 0x00000000a2200000, 0x00000000a2200000| Untracked 
|   5|0x00000000a2300000, 0x00000000a2300000, 0x00000000a2400000|  0%| F|  |TAMS 0x00000000a2300000, 0x00000000a2300000| Untracked 
|   6|0x00000000a2400000, 0x00000000a2400000, 0x00000000a2500000|  0%| F|  |TAMS 0x00000000a2400000, 0x00000000a2400000| Untracked 
|   7|0x00000000a2500000, 0x00000000a2500000, 0x00000000a2600000|  0%| F|  |TAMS 0x00000000a2500000, 0x00000000a2500000| Untracked 
|   8|0x00000000a2600000, 0x00000000a2600000, 0x00000000a2700000|  0%| F|  |TAMS 0x00000000a2600000, 0x00000000a2600000| Untracked 
|   9|0x00000000a2700000, 0x00000000a2700000, 0x00000000a2800000|  0%| F|  |TAMS 0x00000000a2700000, 0x00000000a2700000| Untracked 
|  10|0x00000000a2800000, 0x00000000a2800000, 0x00000000a2900000|  0%| F|  |TAMS 0x00000000a2800000, 0x00000000a2800000| Untracked 
|  11|0x00000000a2900000, 0x00000000a2900000, 0x00000000a2a00000|  0%| F|  |TAMS 0x00000000a2900000, 0x00000000a2900000| Untracked 
|  12|0x00000000a2a00000, 0x00000000a2a00000, 0x00000000a2b00000|  0%| F|  |TAMS 0x00000000a2a00000, 0x00000000a2a00000| Untracked 
|  13|0x00000000a2b00000, 0x00000000a2b00000, 0x00000000a2c00000|  0%| F|  |TAMS 0x00000000a2b00000, 0x00000000a2b00000| Untracked 
|  14|0x00000000a2c00000, 0x00000000a2c00000, 0x00000000a2d00000|  0%| F|  |TAMS 0x00000000a2c00000, 0x00000000a2c00000| Untracked 
|  15|0x00000000a2d00000, 0x00000000a2d00000, 0x00000000a2e00000|  0%| F|  |TAMS 0x00000000a2d00000, 0x00000000a2d00000| Untracked 
|  16|0x00000000a2e00000, 0x00000000a2e00000, 0x00000000a2f00000|  0%| F|  |TAMS 0x00000000a2e00000, 0x00000000a2e00000| Untracked 
|  17|0x00000000a2f00000, 0x00000000a2f00000, 0x00000000a3000000|  0%| F|  |TAMS 0x00000000a2f00000, 0x00000000a2f00000| Untracked 
|  18|0x00000000a3000000, 0x00000000a3000000, 0x00000000a3100000|  0%| F|  |TAMS 0x00000000a3000000, 0x00000000a3000000| Untracked 
|  19|0x00000000a3100000, 0x00000000a3100000, 0x00000000a3200000|  0%| F|  |TAMS 0x00000000a3100000, 0x00000000a3100000| Untracked 
|  20|0x00000000a3200000, 0x00000000a3200000, 0x00000000a3300000|  0%| F|  |TAMS 0x00000000a3200000, 0x00000000a3200000| Untracked 
|  21|0x00000000a3300000, 0x00000000a3300000, 0x00000000a3400000|  0%| F|  |TAMS 0x00000000a3300000, 0x00000000a3300000| Untracked 
|  22|0x00000000a3400000, 0x00000000a3400000, 0x00000000a3500000|  0%| F|  |TAMS 0x00000000a3400000, 0x00000000a3400000| Untracked 
|  23|0x00000000a3500000, 0x00000000a3500000, 0x00000000a3600000|  0%| F|  |TAMS 0x00000000a3500000, 0x00000000a3500000| Untracked 
|  24|0x00000000a3600000, 0x00000000a3600000, 0x00000000a3700000|  0%| F|  |TAMS 0x00000000a3600000, 0x00000000a3600000| Untracked 
|  25|0x00000000a3700000, 0x00000000a3700000, 0x00000000a3800000|  0%| F|  |TAMS 0x00000000a3700000, 0x00000000a3700000| Untracked 
|  26|0x00000000a3800000, 0x00000000a3800000, 0x00000000a3900000|  0%| F|  |TAMS 0x00000000a3800000, 0x00000000a3800000| Untracked 
|  27|0x00000000a3900000, 0x00000000a3900000, 0x00000000a3a00000|  0%| F|  |TAMS 0x00000000a3900000, 0x00000000a3900000| Untracked 
|  28|0x00000000a3a00000, 0x00000000a3a00000, 0x00000000a3b00000|  0%| F|  |TAMS 0x00000000a3a00000, 0x00000000a3a00000| Untracked 
|  29|0x00000000a3b00000, 0x00000000a3b00000, 0x00000000a3c00000|  0%| F|  |TAMS 0x00000000a3b00000, 0x00000000a3b00000| Untracked 
|  30|0x00000000a3c00000, 0x00000000a3c00000, 0x00000000a3d00000|  0%| F|  |TAMS 0x00000000a3c00000, 0x00000000a3c00000| Untracked 
|  31|0x00000000a3d00000, 0x00000000a3d00000, 0x00000000a3e00000|  0%| F|  |TAMS 0x00000000a3d00000, 0x00000000a3d00000| Untracked 
|  32|0x00000000a3e00000, 0x00000000a3e68840, 0x00000000a3f00000| 40%| S|CS|TAMS 0x00000000a3e00000, 0x00000000a3e00000| Complete 
|  33|0x00000000a3f00000, 0x00000000a4000000, 0x00000000a4000000|100%| S|CS|TAMS 0x00000000a3f00000, 0x00000000a3f00000| Complete 
|  34|0x00000000a4000000, 0x00000000a4100000, 0x00000000a4100000|100%| S|CS|TAMS 0x00000000a4000000, 0x00000000a4000000| Complete 
|  35|0x00000000a4100000, 0x00000000a4200000, 0x00000000a4200000|100%| S|CS|TAMS 0x00000000a4100000, 0x00000000a4100000| Complete 
|  36|0x00000000a4200000, 0x00000000a4300000, 0x00000000a4300000|100%| S|CS|TAMS 0x00000000a4200000, 0x00000000a4200000| Complete 
|  37|0x00000000a4300000, 0x00000000a4400000, 0x00000000a4400000|100%| S|CS|TAMS 0x00000000a4300000, 0x00000000a4300000| Complete 
|  38|0x00000000a4400000, 0x00000000a4500000, 0x00000000a4500000|100%| S|CS|TAMS 0x00000000a4400000, 0x00000000a4400000| Complete 
|  39|0x00000000a4500000, 0x00000000a4500000, 0x00000000a4600000|  0%| F|  |TAMS 0x00000000a4500000, 0x00000000a4500000| Untracked 
|  40|0x00000000a4600000, 0x00000000a4600000, 0x00000000a4700000|  0%| F|  |TAMS 0x00000000a4600000, 0x00000000a4600000| Untracked 
|  41|0x00000000a4700000, 0x00000000a4700000, 0x00000000a4800000|  0%| F|  |TAMS 0x00000000a4700000, 0x00000000a4700000| Untracked 
|  42|0x00000000a4800000, 0x00000000a4800000, 0x00000000a4900000|  0%| F|  |TAMS 0x00000000a4800000, 0x00000000a4800000| Untracked 
|  43|0x00000000a4900000, 0x00000000a4900000, 0x00000000a4a00000|  0%| F|  |TAMS 0x00000000a4900000, 0x00000000a4900000| Untracked 
|  44|0x00000000a4a00000, 0x00000000a4a00000, 0x00000000a4b00000|  0%| F|  |TAMS 0x00000000a4a00000, 0x00000000a4a00000| Untracked 
|  45|0x00000000a4b00000, 0x00000000a4b00000, 0x00000000a4c00000|  0%| F|  |TAMS 0x00000000a4b00000, 0x00000000a4b00000| Untracked 
|  46|0x00000000a4c00000, 0x00000000a4c00000, 0x00000000a4d00000|  0%| F|  |TAMS 0x00000000a4c00000, 0x00000000a4c00000| Untracked 
|  47|0x00000000a4d00000, 0x00000000a4d00000, 0x00000000a4e00000|  0%| F|  |TAMS 0x00000000a4d00000, 0x00000000a4d00000| Untracked 
|  48|0x00000000a4e00000, 0x00000000a4e00000, 0x00000000a4f00000|  0%| F|  |TAMS 0x00000000a4e00000, 0x00000000a4e00000| Untracked 
|  49|0x00000000a4f00000, 0x00000000a4f00000, 0x00000000a5000000|  0%| F|  |TAMS 0x00000000a4f00000, 0x00000000a4f00000| Untracked 
|  50|0x00000000a5000000, 0x00000000a5000000, 0x00000000a5100000|  0%| F|  |TAMS 0x00000000a5000000, 0x00000000a5000000| Untracked 
|  51|0x00000000a5100000, 0x00000000a5100000, 0x00000000a5200000|  0%| F|  |TAMS 0x00000000a5100000, 0x00000000a5100000| Untracked 
|  52|0x00000000a5200000, 0x00000000a5200000, 0x00000000a5300000|  0%| F|  |TAMS 0x00000000a5200000, 0x00000000a5200000| Untracked 
|  53|0x00000000a5300000, 0x00000000a5300000, 0x00000000a5400000|  0%| F|  |TAMS 0x00000000a5300000, 0x00000000a5300000| Untracked 
|  54|0x00000000a5400000, 0x00000000a5400800, 0x00000000a5500000|  0%| E|  |TAMS 0x00000000a5400000, 0x00000000a5400000| Complete 
|  55|0x00000000a5500000, 0x00000000a5600000, 0x00000000a5600000|100%| E|CS|TAMS 0x00000000a5500000, 0x00000000a5500000| Complete 
|  56|0x00000000a5600000, 0x00000000a5700000, 0x00000000a5700000|100%| E|CS|TAMS 0x00000000a5600000, 0x00000000a5600000| Complete 
|  57|0x00000000a5700000, 0x00000000a5800000, 0x00000000a5800000|100%| E|CS|TAMS 0x00000000a5700000, 0x00000000a5700000| Complete 
|  58|0x00000000a5800000, 0x00000000a5900000, 0x00000000a5900000|100%| E|CS|TAMS 0x00000000a5800000, 0x00000000a5800000| Complete 
|  59|0x00000000a5900000, 0x00000000a5a00000, 0x00000000a5a00000|100%| E|CS|TAMS 0x00000000a5900000, 0x00000000a5900000| Complete 
|  60|0x00000000a5a00000, 0x00000000a5b00000, 0x00000000a5b00000|100%| E|CS|TAMS 0x00000000a5a00000, 0x00000000a5a00000| Complete 
|  61|0x00000000a5b00000, 0x00000000a5c00000, 0x00000000a5c00000|100%| E|CS|TAMS 0x00000000a5b00000, 0x00000000a5b00000| Complete 
|  62|0x00000000a5c00000, 0x00000000a5d00000, 0x00000000a5d00000|100%| E|CS|TAMS 0x00000000a5c00000, 0x00000000a5c00000| Complete 
|  63|0x00000000a5d00000, 0x00000000a5e00000, 0x00000000a5e00000|100%| E|CS|TAMS 0x00000000a5d00000, 0x00000000a5d00000| Complete 
|  64|0x00000000a5e00000, 0x00000000a5f00000, 0x00000000a5f00000|100%| E|CS|TAMS 0x00000000a5e00000, 0x00000000a5e00000| Complete 
|  65|0x00000000a5f00000, 0x00000000a6000000, 0x00000000a6000000|100%| E|CS|TAMS 0x00000000a5f00000, 0x00000000a5f00000| Complete 
|  66|0x00000000a6000000, 0x00000000a6100000, 0x00000000a6100000|100%| E|CS|TAMS 0x00000000a6000000, 0x00000000a6000000| Complete 
|  67|0x00000000a6100000, 0x00000000a6200000, 0x00000000a6200000|100%| E|CS|TAMS 0x00000000a6100000, 0x00000000a6100000| Complete 
|  68|0x00000000a6200000, 0x00000000a6300000, 0x00000000a6300000|100%| E|CS|TAMS 0x00000000a6200000, 0x00000000a6200000| Complete 
|  69|0x00000000a6300000, 0x00000000a6400000, 0x00000000a6400000|100%| E|CS|TAMS 0x00000000a6300000, 0x00000000a6300000| Complete 
|  70|0x00000000a6400000, 0x00000000a6500000, 0x00000000a6500000|100%| E|CS|TAMS 0x00000000a6400000, 0x00000000a6400000| Complete 
|  71|0x00000000a6500000, 0x00000000a6600000, 0x00000000a6600000|100%| E|CS|TAMS 0x00000000a6500000, 0x00000000a6500000| Complete 
|  72|0x00000000a6600000, 0x00000000a6700000, 0x00000000a6700000|100%| E|CS|TAMS 0x00000000a6600000, 0x00000000a6600000| Complete 
|  73|0x00000000a6700000, 0x00000000a6800000, 0x00000000a6800000|100%| E|CS|TAMS 0x00000000a6700000, 0x00000000a6700000| Complete 
|  74|0x00000000a6800000, 0x00000000a6900000, 0x00000000a6900000|100%| E|CS|TAMS 0x00000000a6800000, 0x00000000a6800000| Complete 
|  75|0x00000000a6900000, 0x00000000a6a00000, 0x00000000a6a00000|100%| E|CS|TAMS 0x00000000a6900000, 0x00000000a6900000| Complete 
|  76|0x00000000a6a00000, 0x00000000a6b00000, 0x00000000a6b00000|100%| E|CS|TAMS 0x00000000a6a00000, 0x00000000a6a00000| Complete 
|  77|0x00000000a6b00000, 0x00000000a6c00000, 0x00000000a6c00000|100%| E|CS|TAMS 0x00000000a6b00000, 0x00000000a6b00000| Complete 
|  78|0x00000000a6c00000, 0x00000000a6d00000, 0x00000000a6d00000|100%| E|CS|TAMS 0x00000000a6c00000, 0x00000000a6c00000| Complete 
|  79|0x00000000a6d00000, 0x00000000a6e00000, 0x00000000a6e00000|100%| E|CS|TAMS 0x00000000a6d00000, 0x00000000a6d00000| Complete 
|  80|0x00000000a6e00000, 0x00000000a6f00000, 0x00000000a6f00000|100%| E|CS|TAMS 0x00000000a6e00000, 0x00000000a6e00000| Complete 
|  81|0x00000000a6f00000, 0x00000000a7000000, 0x00000000a7000000|100%| E|CS|TAMS 0x00000000a6f00000, 0x00000000a6f00000| Complete 
|  82|0x00000000a7000000, 0x00000000a7100000, 0x00000000a7100000|100%| E|CS|TAMS 0x00000000a7000000, 0x00000000a7000000| Complete 
|  83|0x00000000a7100000, 0x00000000a7200000, 0x00000000a7200000|100%| E|CS|TAMS 0x00000000a7100000, 0x00000000a7100000| Complete 
|  84|0x00000000a7200000, 0x00000000a7300000, 0x00000000a7300000|100%| E|CS|TAMS 0x00000000a7200000, 0x00000000a7200000| Complete 
|  85|0x00000000a7300000, 0x00000000a7400000, 0x00000000a7400000|100%| E|CS|TAMS 0x00000000a7300000, 0x00000000a7300000| Complete 
|  86|0x00000000a7400000, 0x00000000a7500000, 0x00000000a7500000|100%| E|CS|TAMS 0x00000000a7400000, 0x00000000a7400000| Complete 
|  87|0x00000000a7500000, 0x00000000a7600000, 0x00000000a7600000|100%| E|CS|TAMS 0x00000000a7500000, 0x00000000a7500000| Complete 
|  88|0x00000000a7600000, 0x00000000a7700000, 0x00000000a7700000|100%| E|CS|TAMS 0x00000000a7600000, 0x00000000a7600000| Complete 
|  89|0x00000000a7700000, 0x00000000a7800000, 0x00000000a7800000|100%| E|CS|TAMS 0x00000000a7700000, 0x00000000a7700000| Complete 
|  90|0x00000000a7800000, 0x00000000a7900000, 0x00000000a7900000|100%| E|CS|TAMS 0x00000000a7800000, 0x00000000a7800000| Complete 
|  91|0x00000000a7900000, 0x00000000a7a00000, 0x00000000a7a00000|100%| E|CS|TAMS 0x00000000a7900000, 0x00000000a7900000| Complete 
|  92|0x00000000a7a00000, 0x00000000a7b00000, 0x00000000a7b00000|100%| E|CS|TAMS 0x00000000a7a00000, 0x00000000a7a00000| Complete 
|  93|0x00000000a7b00000, 0x00000000a7c00000, 0x00000000a7c00000|100%| E|CS|TAMS 0x00000000a7b00000, 0x00000000a7b00000| Complete 
|  94|0x00000000a7c00000, 0x00000000a7d00000, 0x00000000a7d00000|100%| E|CS|TAMS 0x00000000a7c00000, 0x00000000a7c00000| Complete 
|  95|0x00000000a7d00000, 0x00000000a7e00000, 0x00000000a7e00000|100%| E|CS|TAMS 0x00000000a7d00000, 0x00000000a7d00000| Complete 

Card table byte_map: [0x000001fdd0e00000,0x000001fdd1100000] _byte_map_base: 0x000001fdd08f1000

Marking Bits (Prev, Next): (CMBitMap*) 0x000001fdb90dcc58, (CMBitMap*) 0x000001fdb90dcc90
 Prev Bits: [0x000001fdd1400000, 0x000001fdd2b88000)
 Next Bits: [0x000001fdd2b90000, 0x000001fdd4318000)

Polling page: 0x000001fdb8880000

Metaspace:

Usage:
  Non-class:     15.07 MB capacity,    14.82 MB ( 98%) used,   224.73 KB (  1%) free+waste,    32.06 KB ( <1%) overhead. 
      Class:      1.75 MB capacity,     1.65 MB ( 94%) used,    89.22 KB (  5%) free+waste,    14.13 KB ( <1%) overhead. 
       Both:     16.82 MB capacity,    16.47 MB ( 98%) used,   313.95 KB (  2%) free+waste,    46.19 KB ( <1%) overhead. 

Virtual space:
  Non-class space:       16.00 MB reserved,      15.25 MB ( 95%) committed 
      Class space:        1.00 GB reserved,       1.88 MB ( <1%) committed 
             Both:        1.02 GB reserved,      17.13 MB (  2%) committed 

Chunk freelists:
   Non-Class:  59.00 KB
       Class:  0 bytes
        Both:  59.00 KB

MaxMetaspaceSize: 17179869184.00 GB
CompressedClassSpaceSize: 1.00 GB
Initial GC threshold: 20.80 MB
Current GC threshold: 20.80 MB
CDS: off

CodeHeap 'non-profiled nmethods': size=120000Kb used=982Kb max_used=982Kb free=119017Kb
 bounds [0x000001fdc92a0000, 0x000001fdc9510000, 0x000001fdd07d0000]
CodeHeap 'profiled nmethods': size=120000Kb used=5135Kb max_used=5135Kb free=114865Kb
 bounds [0x000001fdc1d70000, 0x000001fdc2280000, 0x000001fdc92a0000]
CodeHeap 'non-nmethods': size=5760Kb used=1169Kb max_used=1210Kb free=4590Kb
 bounds [0x000001fdc17d0000, 0x000001fdc1a40000, 0x000001fdc1d70000]
 total_blobs=2840 nmethods=2413 adapters=339
 compilation: enabled
              stopped_count=0, restarted_count=0
 full_count=0

Compilation events (20 events):
Event: 4.459 Thread 0x000001fdd6d7b000 2353       3       com.android.repository.impl.generated.v1.ArchiveType::getMinJvmVersion (5 bytes)
Event: 4.460 Thread 0x000001fdd6d7b000 nmethod 2353 0x000001fdc2252c10 code [0x000001fdc2252dc0, 0x000001fdc2252ed8]
Event: 4.460 Thread 0x000001fdd6d7b000 2354       3       java.util.regex.Matcher::end (67 bytes)
Event: 4.462 Thread 0x000001fdd6d7b000 nmethod 2354 0x000001fdc2252f90 code [0x000001fdc2253220, 0x000001fdc2253c88]
Event: 4.526 Thread 0x000001fdd6d7b000 2355       3       com.android.repository.impl.meta.RemotePackageImpl::getChannel (21 bytes)
Event: 4.527 Thread 0x000001fdd6d7b000 nmethod 2355 0x000001fdc2254090 code [0x000001fdc2254280, 0x000001fdc2254608]
Event: 4.527 Thread 0x000001fdd6d7b000 2356       3       com.android.repository.impl.generated.v1.ChannelRefType::getRef (5 bytes)
Event: 4.527 Thread 0x000001fdd6d7b000 nmethod 2356 0x000001fdc2254710 code [0x000001fdc22548c0, 0x000001fdc22549d8]
Event: 4.527 Thread 0x000001fdd6d7b000 2357       3       com.android.repository.api.Channel::compareTo (12 bytes)
Event: 4.528 Thread 0x000001fdd6d7b000 nmethod 2357 0x000001fdc2254a90 code [0x000001fdc2254c60, 0x000001fdc2254f28]
Event: 4.528 Thread 0x000001fdd6d7b000 2358       3       java.util.List::of (4 bytes)
Event: 4.528 Thread 0x000001fdd6d7b000 nmethod 2358 0x000001fdc2255090 code [0x000001fdc2255240, 0x000001fdc2255378]
Event: 4.579 Thread 0x000001fdd6d7b000 2359       3       com.android.sdklib.repository.generated.common.v1.ApiDetailsType::<init> (5 bytes)
Event: 4.580 Thread 0x000001fdd6d7b000 nmethod 2359 0x000001fdc2255410 code [0x000001fdc22555e0, 0x000001fdc22557f8]
Event: 4.583 Thread 0x000001fdd6d7b000 2360       1       java.util.Collections$EmptyEnumeration::hasMoreElements (2 bytes)
Event: 4.583 Thread 0x000001fdd6d7b000 nmethod 2360 0x000001fdc9393310 code [0x000001fdc93934c0, 0x000001fdc9393578]
Event: 4.639 Thread 0x000001fdd6d7b000 2362       3       com.sun.org.apache.xerces.internal.utils.XMLSecurityManager::readSystemProperties (99 bytes)
Event: 4.641 Thread 0x000001fdd6d7b000 nmethod 2362 0x000001fdc2255910 code [0x000001fdc2255b60, 0x000001fdc2256448]
Event: 4.669 Thread 0x000001fdd6d7b000 2363  s    3       java.io.ByteArrayInputStream::read (73 bytes)
Event: 4.671 Thread 0x000001fdd6d7b000 nmethod 2363 0x000001fdc2256790 code [0x000001fdc2256980, 0x000001fdc2257018]

GC Heap History (4 events):
Event: 1.946 GC heap before
{Heap before GC invocations=0 (full 0):
 garbage-first heap   total 98304K, used 23552K [0x00000000a1e00000, 0x0000000100000000)
  region size 1024K, 24 young (24576K), 0 survivors (0K)
 Metaspace       used 14082K, capacity 14260K, committed 14336K, reserved 1062912K
  class space    used 1474K, capacity 1531K, committed 1536K, reserved 1048576K
}
Event: 1.961 GC heap after
{Heap after GC invocations=1 (full 0):
 garbage-first heap   total 98304K, used 3116K [0x00000000a1e00000, 0x0000000100000000)
  region size 1024K, 3 young (3072K), 3 survivors (3072K)
 Metaspace       used 14082K, capacity 14260K, committed 14336K, reserved 1062912K
  class space    used 1474K, capacity 1531K, committed 1536K, reserved 1048576K
}
Event: 3.203 GC heap before
{Heap before GC invocations=1 (full 0):
 garbage-first heap   total 98304K, used 58412K [0x00000000a1e00000, 0x0000000100000000)
  region size 1024K, 57 young (58368K), 3 survivors (3072K)
 Metaspace       used 16574K, capacity 16974K, committed 17152K, reserved 1064960K
  class space    used 1678K, capacity 1786K, committed 1792K, reserved 1048576K
}
Event: 3.223 GC heap after
{Heap after GC invocations=2 (full 0):
 garbage-first heap   total 98304K, used 6606K [0x00000000a1e00000, 0x0000000100000000)
  region size 1024K, 7 young (7168K), 7 survivors (7168K)
 Metaspace       used 16574K, capacity 16974K, committed 17152K, reserved 1064960K
  class space    used 1678K, capacity 1786K, committed 1792K, reserved 1048576K
}

Deoptimization events (20 events):
Event: 3.173 Thread 0x000001fdb90a7800 DEOPT PACKING pc=0x000001fdc21833f1 sp=0x000000ad97cfe410
Event: 3.173 Thread 0x000001fdb90a7800 DEOPT UNPACKING pc=0x000001fdc181a95e sp=0x000000ad97cfd8c8 mode 0
Event: 3.173 Thread 0x000001fdb90a7800 DEOPT PACKING pc=0x000001fdc21833f1 sp=0x000000ad97cfe340
Event: 3.173 Thread 0x000001fdb90a7800 DEOPT UNPACKING pc=0x000001fdc181a95e sp=0x000000ad97cfd7f8 mode 0
Event: 3.178 Thread 0x000001fdb90a7800 DEOPT PACKING pc=0x000001fdc21833f1 sp=0x000000ad97cfe410
Event: 3.178 Thread 0x000001fdb90a7800 DEOPT UNPACKING pc=0x000001fdc181a95e sp=0x000000ad97cfd8c8 mode 0
Event: 3.179 Thread 0x000001fdb90a7800 DEOPT PACKING pc=0x000001fdc21833f1 sp=0x000000ad97cfe410
Event: 3.179 Thread 0x000001fdb90a7800 DEOPT UNPACKING pc=0x000001fdc181a95e sp=0x000000ad97cfd8c8 mode 0
Event: 3.181 Thread 0x000001fdb90a7800 DEOPT PACKING pc=0x000001fdc214b75a sp=0x000000ad97cfdd50
Event: 3.181 Thread 0x000001fdb90a7800 DEOPT UNPACKING pc=0x000001fdc181a95e sp=0x000000ad97cfd270 mode 0
Event: 3.191 Thread 0x000001fdb90a7800 DEOPT PACKING pc=0x000001fdc214b75a sp=0x000000ad97cfdd50
Event: 3.191 Thread 0x000001fdb90a7800 DEOPT UNPACKING pc=0x000001fdc181a95e sp=0x000000ad97cfd270 mode 0
Event: 3.192 Thread 0x000001fdb90a7800 Uncommon trap: trap_request=0xffffff4d fr.pc=0x000001fdc9329f04 relative=0x0000000000000744
Event: 3.192 Thread 0x000001fdb90a7800 Uncommon trap: reason=unstable_if action=reinterpret pc=0x000001fdc9329f04 method=java.util.regex.Matcher.find()Z @ 34 c2
Event: 3.192 Thread 0x000001fdb90a7800 DEOPT PACKING pc=0x000001fdc9329f04 sp=0x000000ad97cfdd90
Event: 3.192 Thread 0x000001fdb90a7800 DEOPT UNPACKING pc=0x000001fdc181a1af sp=0x000000ad97cfdd08 mode 2
Event: 4.420 Thread 0x000001fdb90a7800 Uncommon trap: trap_request=0xffffff4d fr.pc=0x000001fdc93880d8 relative=0x0000000000003bb8
Event: 4.420 Thread 0x000001fdb90a7800 Uncommon trap: reason=unstable_if action=reinterpret pc=0x000001fdc93880d8 method=com.sun.org.apache.xerces.internal.impl.XMLDocumentFragmentScannerImpl$FragmentContentDriver.next()I @ 782 c2
Event: 4.420 Thread 0x000001fdb90a7800 DEOPT PACKING pc=0x000001fdc93880d8 sp=0x000000ad97cfe570
Event: 4.420 Thread 0x000001fdb90a7800 DEOPT UNPACKING pc=0x000001fdc181a1af sp=0x000000ad97cfe5c0 mode 2

Classes redefined (0 events):
No events

Internal exceptions (20 events):
Event: 2.467 Thread 0x000001fdb90a7800 Exception <a 'sun/nio/fs/WindowsException'{0x00000000a70b0998}> (0x00000000a70b0998) thrown at [./src/hotspot/share/prims/jni.cpp, line 616]
Event: 2.467 Thread 0x000001fdb90a7800 Exception <a 'sun/nio/fs/WindowsException'{0x00000000a70b13c8}> (0x00000000a70b13c8) thrown at [./src/hotspot/share/prims/jni.cpp, line 616]
Event: 2.467 Thread 0x000001fdb90a7800 Exception <a 'sun/nio/fs/WindowsException'{0x00000000a70b1770}> (0x00000000a70b1770) thrown at [./src/hotspot/share/prims/jni.cpp, line 616]
Event: 2.624 Thread 0x000001fdb90a7800 Implicit null exception at 0x000001fdc1dfbd0c to 0x000001fdc1dfea4a
Event: 2.625 Thread 0x000001fdb90a7800 Exception <a 'java/lang/NullPointerException'{0x00000000a685ec38}> (0x00000000a685ec38) thrown at [./src/hotspot/share/runtime/sharedRuntime.cpp, line 606]
Event: 2.640 Thread 0x000001fdb90a7800 Implicit null exception at 0x000001fdc1dfbd0c to 0x000001fdc1dfea4a
Event: 2.640 Thread 0x000001fdb90a7800 Exception <a 'java/lang/NullPointerException'{0x00000000a677deb8}> (0x00000000a677deb8) thrown at [./src/hotspot/share/runtime/sharedRuntime.cpp, line 606]
Event: 2.656 Thread 0x000001fdb90a7800 Implicit null exception at 0x000001fdc1dfbd0c to 0x000001fdc1dfea4a
Event: 2.656 Thread 0x000001fdb90a7800 Exception <a 'java/lang/NullPointerException'{0x00000000a66a8460}> (0x00000000a66a8460) thrown at [./src/hotspot/share/runtime/sharedRuntime.cpp, line 606]
Event: 2.668 Thread 0x000001fdb90a7800 Implicit null exception at 0x000001fdc1dfbd0c to 0x000001fdc1dfea4a
Event: 2.668 Thread 0x000001fdb90a7800 Exception <a 'java/lang/NullPointerException'{0x00000000a623db70}> (0x00000000a623db70) thrown at [./src/hotspot/share/runtime/sharedRuntime.cpp, line 606]
Event: 2.668 Thread 0x000001fdb90a7800 Implicit null exception at 0x000001fdc1dfbd0c to 0x000001fdc1dfea4a
Event: 2.669 Thread 0x000001fdb90a7800 Exception <a 'java/lang/NullPointerException'{0x00000000a623f300}> (0x00000000a623f300) thrown at [./src/hotspot/share/runtime/sharedRuntime.cpp, line 606]
Event: 2.754 Thread 0x000001fdb90a7800 Exception <a 'java/lang/NoSuchMethodError'{0x00000000a606daf0}: 'int java.lang.invoke.DirectMethodHandle$Holder.invokeSpecialIFC(java.lang.Object, java.lang.Object, int)'> (0x00000000a606daf0) thrown at [./src/hotspot/share/interpreter/linkResolver.cpp, line 773]
Event: 2.805 Thread 0x000001fdb90a7800 Implicit null exception at 0x000001fdc92bc22f to 0x000001fdc92bc29d
Event: 2.817 Thread 0x000001fdb90a7800 Exception <a 'sun/nio/fs/WindowsException'{0x00000000a5f8a0e0}> (0x00000000a5f8a0e0) thrown at [./src/hotspot/share/prims/jni.cpp, line 616]
Event: 2.817 Thread 0x000001fdb90a7800 Exception <a 'sun/nio/fs/WindowsException'{0x00000000a5f8a300}> (0x00000000a5f8a300) thrown at [./src/hotspot/share/prims/jni.cpp, line 616]
Event: 2.828 Thread 0x000001fdb90a7800 Exception <a 'java/lang/NoSuchMethodError'{0x00000000a5f9fa20}: 'java.lang.Object java.lang.invoke.Invokers$Holder.linkToTargetMethod(java.lang.Object, java.lang.Object, java.lang.Object, java.lang.Object, java.lang.Object, java.lang.Object)'> (0x00000000a5f9fa20) thrown at [./src/hotspot/share/interpreter/linkResolver.cpp, line 773]
Event: 2.835 Thread 0x000001fdd823f000 Implicit null exception at 0x000001fdc932e228 to 0x000001fdc932e3e4
Event: 2.835 Thread 0x000001fdd8240000 Implicit null exception at 0x000001fdc932e228 to 0x000001fdc932e3e4

Events (20 events):
Event: 2.864 Executing VM operation: RevokeBias
Event: 2.865 Executing VM operation: RevokeBias done
Event: 2.865 Thread 0x000001fdd81bd000 Thread exited: 0x000001fdd81bd000
Event: 2.865 Executing VM operation: RevokeBias
Event: 2.866 Executing VM operation: RevokeBias done
Event: 2.866 Thread 0x000001fdd8214000 Thread exited: 0x000001fdd8214000
Event: 2.866 Executing VM operation: RevokeBias
Event: 2.867 Executing coalesced safepoint VM operation: RevokeBias
Event: 2.867 Executing coalesced safepoint VM operation: RevokeBias done
Event: 2.867 Executing VM operation: RevokeBias done
Event: 2.867 Thread 0x000001fdd81ec800 Thread exited: 0x000001fdd81ec800
Event: 2.867 Thread 0x000001fdd8953000 Thread exited: 0x000001fdd8953000
Event: 3.202 Executing VM operation: G1CollectForAllocation
Event: 3.223 Executing VM operation: G1CollectForAllocation done
Event: 3.223 Executing VM operation: RevokeBias
Event: 3.224 Executing VM operation: RevokeBias done
Event: 3.224 Executing VM operation: RevokeBias
Event: 3.224 Executing VM operation: RevokeBias done
Event: 3.320 loading class com/android/repository/util/InstallerUtil
Event: 3.320 loading class com/android/repository/util/InstallerUtil done


Dynamic libraries:
0x00007ff6752a0000 - 0x00007ff6752ad000 	C:\Program Files\OpenJDK\openjdk-11.0.13_8\bin\java.exe
0x00007fff61d20000 - 0x00007fff61f29000 	C:\WINDOWS\SYSTEM32\ntdll.dll
0x00007fff2d1c0000 - 0x00007fff2d1d6000 	C:\Program Files\Avast Software\Avast\aswhook.dll
0x00007fff609b0000 - 0x00007fff60a6d000 	C:\WINDOWS\System32\KERNEL32.DLL
0x00007fff5f5d0000 - 0x00007fff5f949000 	C:\WINDOWS\System32\KERNELBASE.dll
0x00007fff5f440000 - 0x00007fff5f551000 	C:\WINDOWS\System32\ucrtbase.dll
0x00007fff36110000 - 0x00007fff36128000 	C:\Program Files\OpenJDK\openjdk-11.0.13_8\bin\jli.dll
0x00007fff37b20000 - 0x00007fff37b36000 	C:\Program Files\OpenJDK\openjdk-11.0.13_8\bin\VCRUNTIME140.dll
0x00007fff61b30000 - 0x00007fff61cdc000 	C:\WINDOWS\System32\USER32.dll
0x00007fff3ce10000 - 0x00007fff3d0b5000 	C:\WINDOWS\WinSxS\amd64_microsoft.windows.common-controls_6595b64144ccf1df_6.0.22000.120_none_9d947278b86cc467\COMCTL32.dll
0x00007fff5f200000 - 0x00007fff5f226000 	C:\WINDOWS\System32\win32u.dll
0x00007fff606f0000 - 0x00007fff60793000 	C:\WINDOWS\System32\msvcrt.dll
0x00007fff5fbb0000 - 0x00007fff5fbd9000 	C:\WINDOWS\System32\GDI32.dll
0x00007fff5f9d0000 - 0x00007fff5fae2000 	C:\WINDOWS\System32\gdi32full.dll
0x00007fff5f3a0000 - 0x00007fff5f43d000 	C:\WINDOWS\System32\msvcp_win.dll
0x00007fff606b0000 - 0x00007fff606e1000 	C:\WINDOWS\System32\IMM32.DLL
0x00007fff084a0000 - 0x00007fff0854a000 	C:\Program Files\OpenJDK\openjdk-11.0.13_8\bin\msvcp140.dll
0x00007ffed8bf0000 - 0x00007ffed973c000 	C:\Program Files\OpenJDK\openjdk-11.0.13_8\bin\server\jvm.dll
0x00007fff61230000 - 0x00007fff612de000 	C:\WINDOWS\System32\ADVAPI32.dll
0x00007fff60610000 - 0x00007fff606ae000 	C:\WINDOWS\System32\sechost.dll
0x00007fff60310000 - 0x00007fff60430000 	C:\WINDOWS\System32\RPCRT4.dll
0x00007fff61100000 - 0x00007fff61108000 	C:\WINDOWS\System32\PSAPI.DLL
0x00007fff58d30000 - 0x00007fff58d63000 	C:\WINDOWS\SYSTEM32\WINMM.dll
0x00007fff504d0000 - 0x00007fff504d9000 	C:\WINDOWS\SYSTEM32\WSOCK32.dll
0x00007fff55d00000 - 0x00007fff55d0a000 	C:\WINDOWS\SYSTEM32\VERSION.dll
0x00007fff61ac0000 - 0x00007fff61b2f000 	C:\WINDOWS\System32\WS2_32.dll
0x00007fff5e2c0000 - 0x00007fff5e2d8000 	C:\WINDOWS\SYSTEM32\kernel.appcore.dll
0x00007fff25700000 - 0x00007fff25711000 	C:\Program Files\OpenJDK\openjdk-11.0.13_8\bin\verify.dll
0x00007fff5cd40000 - 0x00007fff5cf61000 	C:\WINDOWS\SYSTEM32\DBGHELP.DLL
0x00007fff55920000 - 0x00007fff55951000 	C:\WINDOWS\SYSTEM32\dbgcore.DLL
0x00007fff5f950000 - 0x00007fff5f9cf000 	C:\WINDOWS\System32\bcryptPrimitives.dll
0x00007fff08470000 - 0x00007fff08499000 	C:\Program Files\OpenJDK\openjdk-11.0.13_8\bin\java.dll
0x00007fff39390000 - 0x00007fff3939a000 	C:\Program Files\OpenJDK\openjdk-11.0.13_8\bin\jimage.dll
0x00007fff24ee0000 - 0x00007fff24ef7000 	C:\Program Files\OpenJDK\openjdk-11.0.13_8\bin\zip.dll
0x00007fff612e0000 - 0x00007fff61a98000 	C:\WINDOWS\System32\SHELL32.dll
0x00007fff5d330000 - 0x00007fff5db98000 	C:\WINDOWS\SYSTEM32\windows.storage.dll
0x00007fff5fd50000 - 0x00007fff600c9000 	C:\WINDOWS\System32\combase.dll
0x00007fff5d1c0000 - 0x00007fff5d326000 	C:\WINDOWS\SYSTEM32\wintypes.dll
0x00007fff601b0000 - 0x00007fff6029a000 	C:\WINDOWS\System32\SHCORE.dll
0x00007fff60a70000 - 0x00007fff60acd000 	C:\WINDOWS\System32\shlwapi.dll
0x00007fff5f130000 - 0x00007fff5f151000 	C:\WINDOWS\SYSTEM32\profapi.dll
0x00007fff1e390000 - 0x00007fff1e3a9000 	C:\Program Files\OpenJDK\openjdk-11.0.13_8\bin\net.dll
0x00007fff58a60000 - 0x00007fff58b6c000 	C:\WINDOWS\SYSTEM32\WINHTTP.dll
0x00007fff5e6f0000 - 0x00007fff5e757000 	C:\WINDOWS\system32\mswsock.dll
0x00007fff1ddc0000 - 0x00007fff1ddd3000 	C:\Program Files\OpenJDK\openjdk-11.0.13_8\bin\nio.dll

dbghelp: loaded successfully - version: 4.0.5 - missing functions: none
symbol engine: initialized successfully - sym options: 0x614 - pdb path: .;C:\Program Files\OpenJDK\openjdk-11.0.13_8\bin;C:\WINDOWS\SYSTEM32;C:\Program Files\Avast Software\Avast;C:\WINDOWS\WinSxS\amd64_microsoft.windows.common-controls_6595b64144ccf1df_6.0.22000.120_none_9d947278b86cc467;C:\Program Files\OpenJDK\openjdk-11.0.13_8\bin\server

VM Arguments:
jvm_args: -Dcom.android.sdklib.toolsdir=C:\Users\user\AppData\Local\Android\Sdk\tools\bin\\.. 
java_command: com.android.sdklib.tool.sdkmanager.SdkManagerCli --sdk_root=C:\Users\user\AppData\Local\Android\Sdk system-images;android-28;google_apis;x86_64
java_class_path (initial): C:\Users\user\AppData\Local\Android\Sdk\tools\bin\..\lib\/sdkmanager-classpath.jar
Launcher Type: SUN_STANDARD

[Global flags]
     intx CICompilerCount                          = 4                                         {product} {ergonomic}
     uint ConcGCThreads                            = 2                                         {product} {ergonomic}
     uint G1ConcRefinementThreads                  = 8                                         {product} {ergonomic}
   size_t G1HeapRegionSize                         = 1048576                                   {product} {ergonomic}
    uintx GCDrainStackTargetSize                   = 64                                        {product} {ergonomic}
   size_t InitialHeapSize                          = 100663296                                 {product} {ergonomic}
   size_t MarkStackSize                            = 4194304                                   {product} {ergonomic}
   size_t MaxHeapSize                              = 1579155456                                {product} {ergonomic}
   size_t MaxNewSize                               = 946864128                                 {product} {ergonomic}
   size_t MinHeapDeltaBytes                        = 1048576                                   {product} {ergonomic}
    uintx NonNMethodCodeHeapSize                   = 5836300                                {pd product} {ergonomic}
    uintx NonProfiledCodeHeapSize                  = 122910970                              {pd product} {ergonomic}
    uintx ProfiledCodeHeapSize                     = 122910970                              {pd product} {ergonomic}
    uintx ReservedCodeCacheSize                    = 251658240                              {pd product} {ergonomic}
     bool SegmentedCodeCache                       = true                                      {product} {ergonomic}
     bool UseCompressedClassPointers               = true                                 {lp64_product} {ergonomic}
     bool UseCompressedOops                        = true                                 {lp64_product} {ergonomic}
     bool UseG1GC                                  = true                                      {product} {ergonomic}
     bool UseLargePagesIndividualAllocation        = false                                  {pd product} {ergonomic}

Logging:
Log output configuration:
 #0: stdout all=warning uptime,level,tags
 #1: stderr all=off uptime,level,tags

Environment Variables:
JAVA_HOME=C:\Program Files\OpenJDK\openjdk-11.0.13_8
CLASSPATH=C:\Users\user\AppData\Local\Android\Sdk\tools\bin\..\lib\/sdkmanager-classpath.jar
PATH=C:\Users\user\Desktop\Payment APP\PayAPP\node_modules\.bin;C:\Users\user\Desktop\Payment APP\node_modules\.bin;C:\Users\user\Desktop\node_modules\.bin;C:\Users\user\node_modules\.bin;C:\Users\node_modules\.bin;C:\node_modules\.bin;C:\Program Files\nodejs;C:\Users\user\Desktop\Payment APP\PayAPP\node_modules\.bin;C:\Users\user\Desktop\Payment APP\node_modules\.bin;C:\Users\user\Desktop\node_modules\.bin;C:\Users\user\node_modules\.bin;C:\Users\node_modules\.bin;C:\node_modules\.bin;C:\Program Files\nodejs\node_modules\npm\node_modules\@npmcli\run-script\lib\node-gyp-bin;C:\Users\user\openssl-0.9.8k_WIN32\bin;C:\WINDOWS;C:\WINDOWS\System32\Wbem;C:\WINDOWS\System32\WindowsPowerShell\v1.0\;C:\WINDOWS\System32\OpenSSH\;C:\ProgramData\chocolatey\bin;C:\Program Files\nodejs\;C:\Program Files\OpenJDK\openjdk-11.0.13_8\bin;%ANDROID_HOME%\platform-tools;%ANDROID_HOME%\tools;C:\Program Files\Git\cmd;C:\Windows\System32;C:\Users\user\AppData\Local\Android\Sdk\platform-tools;C:\Users\user\AppData\Local\Android\Sdk\tools;C:\Users\user\openssl-0.9.8k_WIN32\bin;C:\Users\user\AppData\Local\GitHubDesktop\bin;C:\Users\user\AppData\Local\Programs\Microsoft VS Code\bin;C:\Users\user\AppData\Roaming\npm;
USERNAME=user
LANG=en_US.UTF-8
OS=Windows_NT
PROCESSOR_IDENTIFIER=AMD64 Family 23 Model 24 Stepping 1, AuthenticAMD



---------------  S Y S T E M  ---------------

OS: Windows 10 , 64 bit Build 22000 (10.0.22000.708)
OS uptime: 0 days 15:53 hours
Hyper-V role detected

CPU:total 8 (initial active 8) (8 cores per cpu, 2 threads per core) family 23 model 24 stepping 1 microcode 0x0, cmov, cx8, fxsr, mmx, sse, sse2, sse3, ssse3, sse4.1, sse4.2, popcnt, avx, avx2, aes, clmul, mmxext, 3dnowpref, lzcnt, sse4a, ht, tsc, tscinvbit, tscinv, bmi1, bmi2, adx, sha, fma

Memory: 4k page, system-wide physical 6020M (429M free)
TotalPageFile size 14212M (AvailPageFile size 4M)
current process WorkingSet (physical memory assigned to process): 149M, peak: 149M
current process commit charge ("private bytes"): 224M, peak: 226M

vm_info: OpenJDK 64-Bit Server VM (11.0.13+8) for windows-amd64 JRE (11.0.13+8), built on Oct  8 2021 16:28:06 by "" with MS VC++ 15.5 (VS2017)

END.
